telnyx_logic/build/intermediates/manifest_merge_blame_file/release/processReleaseManifest/manifest-merger-blame-release-report.txt
1<?xml version="1.0" encoding="utf-8"?>
2<manifest xmlns:android="http://schemas.android.com/apk/res/android"
3    package="com.telnyx.voice.logic" >
4
5    <uses-sdk android:minSdkVersion="24" />
6
7    <application>
7-->src/main/AndroidManifest.xml:3:5-9:19
8        <service
8-->src/main/AndroidManifest.xml:4:9-8:57
9            android:name="com.telnyx.voice.logic.service.CallForegroundService"
9-->src/main/AndroidManifest.xml:5:13-58
10            android:enabled="true"
10-->src/main/AndroidManifest.xml:6:13-35
11            android:exported="false"
11-->src/main/AndroidManifest.xml:7:13-37
12            android:foregroundServiceType="phoneCall" />
12-->src/main/AndroidManifest.xml:8:13-54
13    </application>
14
15</manifest>